#
# A fatal error has been detected by the Java Runtime Environment:
#
#  EXCEPTION_ACCESS_VIOLATION (0xc0000005) at pc=0x00007ff953f560d6, pid=2996, tid=10312
#
# JRE version: OpenJDK Runtime Environment Temurin-17.0.5+8 (17.0.5+8) (build 17.0.5+8)
# Java VM: OpenJDK 64-Bit Server VM Temurin-17.0.5+8 (17.0.5+8, mixed mode, emulated-client, tiered, compressed oops, compressed class ptrs, g1 gc, windows-amd64)
# Problematic frame:
# V  [jvm.dll+0x3860d6]
#
# No core dump will be written. Minidumps are not enabled by default on client versions of Windows
#
# If you would like to submit a bug report, please visit:
#   https://github.com/adoptium/adoptium-support/issues
#

---------------  S U M M A R Y ------------

Command Line: -Dcom.sun.management.jmxremote -Dcom.sun.management.jmxremote.port=56852 -Dcom.sun.management.jmxremote.authenticate=false -Dcom.sun.management.jmxremote.ssl=false -Djava.rmi.server.hostname=localhost -Dspring.jmx.enabled=true -Dmanagement.endpoints.jmx.exposure.include=* -Dspring.application.admin.enabled=true -XX:TieredStopAtLevel=1 -Dspring.boot.project.name=Blog-App-APIs -Dfile.encoding=UTF-8 -XX:+ShowCodeDetailsInExceptionMessages com.codershub.blog.BlogAppApIsApplication --spring.output.ansi.enabled=always

Host: AMD A6-7310 APU with AMD Radeon R4 Graphics    , 4 cores, 6G,  Windows 10 , 64 bit Build 18362 (10.0.18362.329)
Time: Thu Feb 23 13:54:28 2023 India Standard Time elapsed time: 17.563296 seconds (0d 0h 0m 17s)

---------------  T H R E A D  ---------------

Current thread (0x000002a7bbb715f0):  JavaThread "background-preinit" [_thread_in_vm, id=10312, stack(0x000000ff85300000,0x000000ff85400000)]

Stack: [0x000000ff85300000,0x000000ff85400000],  sp=0x000000ff853fb2d0,  free space=1004k
Native frames: (J=compiled Java code, j=interpreted, Vv=VM code, C=native code)
V  [jvm.dll+0x3860d6]
V  [jvm.dll+0x676a62]
V  [jvm.dll+0x386d2b]
V  [jvm.dll+0x386ef8]
V  [jvm.dll+0x7abb5a]
V  [jvm.dll+0x7acd82]
V  [jvm.dll+0x7ad0b8]
V  [jvm.dll+0x81b54e]
V  [jvm.dll+0x81b0fa]
V  [jvm.dll+0x826768]
V  [jvm.dll+0x8253cd]
V  [jvm.dll+0x81ebec]
V  [jvm.dll+0x36f5cc]
V  [jvm.dll+0x36e7d2]
V  [jvm.dll+0x36e778]
V  [jvm.dll+0x55d455]
V  [jvm.dll+0x55c374]
V  [jvm.dll+0x382574]
